<?xml version="1.0" encoding="UTF-8"?>
<!-- Generated by org.testng.reporters.JUnitReportReporter -->
<testsuite hostname="LAPTOP-AD9S3BQ4" failures="0" tests="1" name="tcpackage.tcshiping" time="0.009" errors="0" timestamp="2020-04-08T23:22:36 IST" skipped="0">
  <testcase classname="tcpackage.tcshiping" name="f" time="0.009"/>
  <system-out/>
</testsuite> <!-- tcpackage.tcshiping -->
