<?xml version="1.0" encoding="UTF-8"?>
<!-- Generated by org.testng.reporters.JUnitReportReporter -->
<testsuite hostname="LAPTOP-AD9S3BQ4" failures="0" tests="2" name="tcpackage.tc1addcard" time="15.303" errors="0" timestamp="2020-04-08T23:22:36 IST" skipped="0">
  <testcase classname="tcpackage.tc1addcard" name="the_selected_book_is_added_to_cart" time="0.002"/>
  <system-out/>
  <testcase classname="tcpackage.tc1addcard" name="the_user_wants_to_select_anybook_and_add_to_cart" time="15.301"/>
  <system-out/>
</testsuite> <!-- tcpackage.tc1addcard -->
