<?xml version="1.0" encoding="UTF-8"?>
<!-- Generated by org.testng.reporters.JUnitReportReporter -->
<testsuite hostname="LAPTOP-AD9S3BQ4" failures="0" tests="1" name="tcpackage.tclogin" time="2.250" errors="0" timestamp="2020-04-11T17:24:32 IST" skipped="0">
  <testcase classname="tcpackage.tclogin" name="the_user_enters_the_valid_username_and_valid_password_and_click_submit" time="2.250"/>
  <system-out>
enetr email enetr pass enetr submit sucessfully navigates to HomePage  </system-out>
</testsuite> <!-- tcpackage.tclogin -->
