<?xml version="1.0" encoding="UTF-8"?>
<!-- Generated by org.testng.reporters.JUnitReportReporter -->
<testsuite hostname="LAPTOP-AD9S3BQ4" failures="0" tests="1" name="tcpackage.tcregister" time="1.414" errors="0" timestamp="2020-04-11T17:24:32 IST" skipped="0">
  <testcase classname="tcpackage.tcregister" name="open_application_and_click_on_register_link" time="1.414"/>
  <system-out>
enter gender testcase enter first name test case enetr last name test case enter email test case enter pass test case enter conform pass  </system-out>
</testsuite> <!-- tcpackage.tcregister -->
